<?xml version="1.0" encoding="UTF-8"?>
<testng-results ignored="0" total="1" passed="1" failed="0" skipped="0">
  <reporter-output>
  </reporter-output>
  <suite started-at="2025-01-27T22:27:43 IST" name="Default suite" finished-at="2025-01-27T22:27:43 IST" duration-ms="51">
    <groups>
    </groups>
    <test started-at="2025-01-27T22:27:43 IST" name="Default test" finished-at="2025-01-27T22:27:43 IST" duration-ms="51">
      <class name="testJava.TestClass">
        <test-method signature="a()[pri:0, instance:testJava.TestClass@4d5b6aac]" started-at="2025-01-27T22:27:43 IST" name="a" finished-at="2025-01-27T22:27:43 IST" duration-ms="12" status="PASS">
          <reporter-output>
          </reporter-output>
        </test-method> <!-- a -->
      </class> <!-- testJava.TestClass -->
    </test> <!-- Default test -->
  </suite> <!-- Default suite -->
</testng-results>
